Nov 19 2022 04:33:01
{"type":2,"message":"is_readable(): open_basedir restriction in effect. File(\/dev\/urandom) is not within the allowed path(s): (\/tmp\/:\/www\/wwwroot\/inaothunviet.flatvn.com\/)","file":"\/www\/wwwroot\/inaothunviet.flatvn.com\/wp-includes\/class-phpass.php","line":73}

Nov 19 2022 04:33:03
{"type":2,"message":"is_readable(): open_basedir restriction in effect. File(\/dev\/urandom) is not within the allowed path(s): (\/tmp\/:\/www\/wwwroot\/inaothunviet.flatvn.com\/)","file":"\/www\/wwwroot\/inaothunviet.flatvn.com\/wp-includes\/class-phpass.php","line":73}

Oct 17 2024 02:10:05
{"Number":8192,"Message":"rtrim(): Passing null to parameter #1 ($string) of type string is deprecated","File":"\/var\/www\/html\/wordpress\/wp-includes\/formatting.php","Line":2819}

Oct 17 2024 02:10:05
{"Number":8192,"Message":"rtrim(): Passing null to parameter #1 ($string) of type string is deprecated","File":"\/var\/www\/html\/wordpress\/wp-includes\/formatting.php","Line":2819}

Oct 17 2024 02:10:05
{"Number":8192,"Message":"rtrim(): Passing null to parameter #1 ($string) of type string is deprecated","File":"\/var\/www\/html\/wordpress\/wp-includes\/formatting.php","Line":2819}

Oct 17 2024 02:10:05
{"Number":8192,"Message":"rtrim(): Passing null to parameter #1 ($string) of type string is deprecated","File":"\/var\/www\/html\/wordpress\/wp-includes\/formatting.php","Line":2819}

Oct 17 2024 02:10:05
{"Number":8192,"Message":"rtrim(): Passing null to parameter #1 ($string) of type string is deprecated","File":"\/var\/www\/html\/wordpress\/wp-includes\/formatting.php","Line":2819}

Oct 17 2024 02:10:05
{"Number":8192,"Message":"rtrim(): Passing null to parameter #1 ($string) of type string is deprecated","File":"\/var\/www\/html\/wordpress\/wp-includes\/formatting.php","Line":2819}

Oct 17 2024 02:10:05
{"Number":8192,"Message":"rtrim(): Passing null to parameter #1 ($string) of type string is deprecated","File":"\/var\/www\/html\/wordpress\/wp-includes\/formatting.php","Line":2819}

Oct 17 2024 02:10:05
{"Number":8192,"Message":"rtrim(): Passing null to parameter #1 ($string) of type string is deprecated","File":"\/var\/www\/html\/wordpress\/wp-includes\/formatting.php","Line":2819}

Oct 17 2024 02:10:05
{"Number":8192,"Message":"rtrim(): Passing null to parameter #1 ($string) of type string is deprecated","File":"\/var\/www\/html\/wordpress\/wp-includes\/formatting.php","Line":2819}

Oct 17 2024 02:10:05
{"Number":8192,"Message":"rtrim(): Passing null to parameter #1 ($string) of type string is deprecated","File":"\/var\/www\/html\/wordpress\/wp-includes\/formatting.php","Line":2819}

Oct 17 2024 02:10:05
{"Number":8192,"Message":"rtrim(): Passing null to parameter #1 ($string) of type string is deprecated","File":"\/var\/www\/html\/wordpress\/wp-includes\/formatting.php","Line":2819}

Oct 17 2024 02:10:05
{"Number":8192,"Message":"rtrim(): Passing null to parameter #1 ($string) of type string is deprecated","File":"\/var\/www\/html\/wordpress\/wp-includes\/formatting.php","Line":2819}

Oct 17 2024 02:10:05
{"Number":8192,"Message":"rtrim(): Passing null to parameter #1 ($string) of type string is deprecated","File":"\/var\/www\/html\/wordpress\/wp-includes\/formatting.php","Line":2819}

Oct 17 2024 02:10:05
{"Number":8192,"Message":"rtrim(): Passing null to parameter #1 ($string) of type string is deprecated","File":"\/var\/www\/html\/wordpress\/wp-includes\/formatting.php","Line":2819}

Oct 17 2024 02:10:05
{"Number":8192,"Message":"rtrim(): Passing null to parameter #1 ($string) of type string is deprecated","File":"\/var\/www\/html\/wordpress\/wp-includes\/formatting.php","Line":2819}

Oct 17 2024 02:10:05
{"Number":8192,"Message":"rtrim(): Passing null to parameter #1 ($string) of type string is deprecated","File":"\/var\/www\/html\/wordpress\/wp-includes\/formatting.php","Line":2819}

Oct 17 2024 02:10:05
{"Number":8192,"Message":"rtrim(): Passing null to parameter #1 ($string) of type string is deprecated","File":"\/var\/www\/html\/wordpress\/wp-includes\/formatting.php","Line":2819}

Oct 17 2024 02:10:05
{"Number":8192,"Message":"rtrim(): Passing null to parameter #1 ($string) of type string is deprecated","File":"\/var\/www\/html\/wordpress\/wp-includes\/formatting.php","Line":2819}

Oct 17 2024 02:10:05
{"Number":8192,"Message":"rtrim(): Passing null to parameter #1 ($string) of type string is deprecated","File":"\/var\/www\/html\/wordpress\/wp-includes\/formatting.php","Line":2819}

Oct 17 2024 02:10:05
{"Number":8192,"Message":"rtrim(): Passing null to parameter #1 ($string) of type string is deprecated","File":"\/var\/www\/html\/wordpress\/wp-includes\/formatting.php","Line":2819}

Oct 17 2024 02:10:05
{"Number":8192,"Message":"rtrim(): Passing null to parameter #1 ($string) of type string is deprecated","File":"\/var\/www\/html\/wordpress\/wp-includes\/formatting.php","Line":2819}

Oct 17 2024 02:10:05
{"Number":8192,"Message":"rtrim(): Passing null to parameter #1 ($string) of type string is deprecated","File":"\/var\/www\/html\/wordpress\/wp-includes\/formatting.php","Line":2819}

Oct 17 2024 02:10:05
{"Number":8192,"Message":"rtrim(): Passing null to parameter #1 ($string) of type string is deprecated","File":"\/var\/www\/html\/wordpress\/wp-includes\/formatting.php","Line":2819}

Oct 17 2024 02:10:05
{"Number":8192,"Message":"rtrim(): Passing null to parameter #1 ($string) of type string is deprecated","File":"\/var\/www\/html\/wordpress\/wp-includes\/formatting.php","Line":2819}

Oct 17 2024 02:10:05
{"Number":8192,"Message":"rtrim(): Passing null to parameter #1 ($string) of type string is deprecated","File":"\/var\/www\/html\/wordpress\/wp-includes\/formatting.php","Line":2819}

Oct 17 2024 02:10:05
{"Number":8192,"Message":"rtrim(): Passing null to parameter #1 ($string) of type string is deprecated","File":"\/var\/www\/html\/wordpress\/wp-includes\/formatting.php","Line":2819}

Oct 17 2024 02:10:05
{"Number":8192,"Message":"rtrim(): Passing null to parameter #1 ($string) of type string is deprecated","File":"\/var\/www\/html\/wordpress\/wp-includes\/formatting.php","Line":2819}

Oct 17 2024 02:10:05
{"Number":8192,"Message":"rtrim(): Passing null to parameter #1 ($string) of type string is deprecated","File":"\/var\/www\/html\/wordpress\/wp-includes\/formatting.php","Line":2819}

Oct 17 2024 02:10:05
{"Number":8192,"Message":"rtrim(): Passing null to parameter #1 ($string) of type string is deprecated","File":"\/var\/www\/html\/wordpress\/wp-includes\/formatting.php","Line":2819}

Oct 17 2024 02:10:05
{"Number":8192,"Message":"rtrim(): Passing null to parameter #1 ($string) of type string is deprecated","File":"\/var\/www\/html\/wordpress\/wp-includes\/formatting.php","Line":2819}

Oct 17 2024 02:10:05
{"Number":8192,"Message":"rtrim(): Passing null to parameter #1 ($string) of type string is deprecated","File":"\/var\/www\/html\/wordpress\/wp-includes\/formatting.php","Line":2819}

Oct 17 2024 02:10:05
{"Number":8192,"Message":"rtrim(): Passing null to parameter #1 ($string) of type string is deprecated","File":"\/var\/www\/html\/wordpress\/wp-includes\/formatting.php","Line":2819}

Oct 17 2024 02:10:05
{"Number":8192,"Message":"rtrim(): Passing null to parameter #1 ($string) of type string is deprecated","File":"\/var\/www\/html\/wordpress\/wp-includes\/formatting.php","Line":2819}

Oct 17 2024 02:10:05
{"Number":8192,"Message":"rtrim(): Passing null to parameter #1 ($string) of type string is deprecated","File":"\/var\/www\/html\/wordpress\/wp-includes\/formatting.php","Line":2819}

Oct 17 2024 02:10:05
{"Number":8192,"Message":"rtrim(): Passing null to parameter #1 ($string) of type string is deprecated","File":"\/var\/www\/html\/wordpress\/wp-includes\/formatting.php","Line":2819}

Oct 17 2024 02:10:05
{"Number":8192,"Message":"rtrim(): Passing null to parameter #1 ($string) of type string is deprecated","File":"\/var\/www\/html\/wordpress\/wp-includes\/formatting.php","Line":2819}

Oct 17 2024 02:10:15
{"Number":8192,"Message":"rtrim(): Passing null to parameter #1 ($string) of type string is deprecated","File":"\/var\/www\/html\/wordpress\/wp-includes\/formatting.php","Line":2819}

Oct 17 2024 02:10:15
{"Number":8192,"Message":"rtrim(): Passing null to parameter #1 ($string) of type string is deprecated","File":"\/var\/www\/html\/wordpress\/wp-includes\/formatting.php","Line":2819}

Oct 17 2024 02:10:15
{"Number":8192,"Message":"rtrim(): Passing null to parameter #1 ($string) of type string is deprecated","File":"\/var\/www\/html\/wordpress\/wp-includes\/formatting.php","Line":2819}

Oct 17 2024 02:10:15
{"Number":8192,"Message":"rtrim(): Passing null to parameter #1 ($string) of type string is deprecated","File":"\/var\/www\/html\/wordpress\/wp-includes\/formatting.php","Line":2819}

Oct 17 2024 02:10:15
{"Number":8192,"Message":"rtrim(): Passing null to parameter #1 ($string) of type string is deprecated","File":"\/var\/www\/html\/wordpress\/wp-includes\/formatting.php","Line":2819}

Oct 17 2024 02:10:15
{"Number":8192,"Message":"rtrim(): Passing null to parameter #1 ($string) of type string is deprecated","File":"\/var\/www\/html\/wordpress\/wp-includes\/formatting.php","Line":2819}

Oct 17 2024 02:10:15
{"Number":8192,"Message":"rtrim(): Passing null to parameter #1 ($string) of type string is deprecated","File":"\/var\/www\/html\/wordpress\/wp-includes\/formatting.php","Line":2819}

Oct 17 2024 02:10:15
{"Number":8192,"Message":"rtrim(): Passing null to parameter #1 ($string) of type string is deprecated","File":"\/var\/www\/html\/wordpress\/wp-includes\/formatting.php","Line":2819}

Oct 17 2024 02:10:15
{"Number":8192,"Message":"rtrim(): Passing null to parameter #1 ($string) of type string is deprecated","File":"\/var\/www\/html\/wordpress\/wp-includes\/formatting.php","Line":2819}

Oct 17 2024 02:10:15
{"Number":8192,"Message":"rtrim(): Passing null to parameter #1 ($string) of type string is deprecated","File":"\/var\/www\/html\/wordpress\/wp-includes\/formatting.php","Line":2819}

Oct 17 2024 02:10:15
{"Number":8192,"Message":"rtrim(): Passing null to parameter #1 ($string) of type string is deprecated","File":"\/var\/www\/html\/wordpress\/wp-includes\/formatting.php","Line":2819}

Oct 17 2024 02:10:15
{"Number":8192,"Message":"rtrim(): Passing null to parameter #1 ($string) of type string is deprecated","File":"\/var\/www\/html\/wordpress\/wp-includes\/formatting.php","Line":2819}

Oct 17 2024 02:10:15
{"Number":8192,"Message":"rtrim(): Passing null to parameter #1 ($string) of type string is deprecated","File":"\/var\/www\/html\/wordpress\/wp-includes\/formatting.php","Line":2819}

Oct 17 2024 02:10:15
{"Number":8192,"Message":"rtrim(): Passing null to parameter #1 ($string) of type string is deprecated","File":"\/var\/www\/html\/wordpress\/wp-includes\/formatting.php","Line":2819}

Oct 17 2024 02:10:15
{"Number":8192,"Message":"rtrim(): Passing null to parameter #1 ($string) of type string is deprecated","File":"\/var\/www\/html\/wordpress\/wp-includes\/formatting.php","Line":2819}

Oct 17 2024 02:10:15
{"Number":8192,"Message":"rtrim(): Passing null to parameter #1 ($string) of type string is deprecated","File":"\/var\/www\/html\/wordpress\/wp-includes\/formatting.php","Line":2819}

Oct 17 2024 02:10:15
{"Number":8192,"Message":"rtrim(): Passing null to parameter #1 ($string) of type string is deprecated","File":"\/var\/www\/html\/wordpress\/wp-includes\/formatting.php","Line":2819}

Oct 17 2024 02:10:15
{"Number":8192,"Message":"rtrim(): Passing null to parameter #1 ($string) of type string is deprecated","File":"\/var\/www\/html\/wordpress\/wp-includes\/formatting.php","Line":2819}

Oct 17 2024 02:10:15
{"Number":8192,"Message":"rtrim(): Passing null to parameter #1 ($string) of type string is deprecated","File":"\/var\/www\/html\/wordpress\/wp-includes\/formatting.php","Line":2819}

Oct 17 2024 02:10:15
{"Number":8192,"Message":"rtrim(): Passing null to parameter #1 ($string) of type string is deprecated","File":"\/var\/www\/html\/wordpress\/wp-includes\/formatting.php","Line":2819}

Oct 17 2024 02:10:15
{"Number":8192,"Message":"rtrim(): Passing null to parameter #1 ($string) of type string is deprecated","File":"\/var\/www\/html\/wordpress\/wp-includes\/formatting.php","Line":2819}

Oct 17 2024 02:10:15
{"Number":8192,"Message":"rtrim(): Passing null to parameter #1 ($string) of type string is deprecated","File":"\/var\/www\/html\/wordpress\/wp-includes\/formatting.php","Line":2819}

Oct 17 2024 02:10:15
{"Number":8192,"Message":"rtrim(): Passing null to parameter #1 ($string) of type string is deprecated","File":"\/var\/www\/html\/wordpress\/wp-includes\/formatting.php","Line":2819}

Oct 17 2024 02:10:15
{"Number":8192,"Message":"rtrim(): Passing null to parameter #1 ($string) of type string is deprecated","File":"\/var\/www\/html\/wordpress\/wp-includes\/formatting.php","Line":2819}

Oct 17 2024 02:10:15
{"Number":8192,"Message":"rtrim(): Passing null to parameter #1 ($string) of type string is deprecated","File":"\/var\/www\/html\/wordpress\/wp-includes\/formatting.php","Line":2819}

Oct 17 2024 02:10:15
{"Number":8192,"Message":"rtrim(): Passing null to parameter #1 ($string) of type string is deprecated","File":"\/var\/www\/html\/wordpress\/wp-includes\/formatting.php","Line":2819}

Oct 17 2024 02:10:15
{"Number":8192,"Message":"rtrim(): Passing null to parameter #1 ($string) of type string is deprecated","File":"\/var\/www\/html\/wordpress\/wp-includes\/formatting.php","Line":2819}

Oct 17 2024 02:10:15
{"Number":8192,"Message":"rtrim(): Passing null to parameter #1 ($string) of type string is deprecated","File":"\/var\/www\/html\/wordpress\/wp-includes\/formatting.php","Line":2819}

Oct 17 2024 02:10:15
{"Number":8192,"Message":"rtrim(): Passing null to parameter #1 ($string) of type string is deprecated","File":"\/var\/www\/html\/wordpress\/wp-includes\/formatting.php","Line":2819}

Oct 17 2024 02:10:15
{"Number":8192,"Message":"rtrim(): Passing null to parameter #1 ($string) of type string is deprecated","File":"\/var\/www\/html\/wordpress\/wp-includes\/formatting.php","Line":2819}

Oct 17 2024 02:10:15
{"Number":8192,"Message":"rtrim(): Passing null to parameter #1 ($string) of type string is deprecated","File":"\/var\/www\/html\/wordpress\/wp-includes\/formatting.php","Line":2819}

Oct 17 2024 02:10:15
{"Number":8192,"Message":"rtrim(): Passing null to parameter #1 ($string) of type string is deprecated","File":"\/var\/www\/html\/wordpress\/wp-includes\/formatting.php","Line":2819}

Oct 17 2024 02:10:15
{"Number":8192,"Message":"rtrim(): Passing null to parameter #1 ($string) of type string is deprecated","File":"\/var\/www\/html\/wordpress\/wp-includes\/formatting.php","Line":2819}

Oct 17 2024 02:10:15
{"Number":8192,"Message":"rtrim(): Passing null to parameter #1 ($string) of type string is deprecated","File":"\/var\/www\/html\/wordpress\/wp-includes\/formatting.php","Line":2819}

Oct 17 2024 02:10:15
{"Number":8192,"Message":"rtrim(): Passing null to parameter #1 ($string) of type string is deprecated","File":"\/var\/www\/html\/wordpress\/wp-includes\/formatting.php","Line":2819}

Oct 17 2024 02:10:15
{"Number":8192,"Message":"rtrim(): Passing null to parameter #1 ($string) of type string is deprecated","File":"\/var\/www\/html\/wordpress\/wp-includes\/formatting.php","Line":2819}

Oct 17 2024 02:10:25
{"Number":8192,"Message":"rtrim(): Passing null to parameter #1 ($string) of type string is deprecated","File":"\/var\/www\/html\/wordpress\/wp-includes\/formatting.php","Line":2819}

Oct 17 2024 02:10:25
{"Number":8192,"Message":"rtrim(): Passing null to parameter #1 ($string) of type string is deprecated","File":"\/var\/www\/html\/wordpress\/wp-includes\/formatting.php","Line":2819}

Oct 17 2024 02:10:25
{"Number":8192,"Message":"rtrim(): Passing null to parameter #1 ($string) of type string is deprecated","File":"\/var\/www\/html\/wordpress\/wp-includes\/formatting.php","Line":2819}

Oct 17 2024 02:10:25
{"Number":8192,"Message":"rtrim(): Passing null to parameter #1 ($string) of type string is deprecated","File":"\/var\/www\/html\/wordpress\/wp-includes\/formatting.php","Line":2819}

Oct 17 2024 02:10:25
{"Number":8192,"Message":"rtrim(): Passing null to parameter #1 ($string) of type string is deprecated","File":"\/var\/www\/html\/wordpress\/wp-includes\/formatting.php","Line":2819}

Oct 17 2024 02:10:25
{"Number":8192,"Message":"rtrim(): Passing null to parameter #1 ($string) of type string is deprecated","File":"\/var\/www\/html\/wordpress\/wp-includes\/formatting.php","Line":2819}

Oct 17 2024 02:10:25
{"Number":8192,"Message":"rtrim(): Passing null to parameter #1 ($string) of type string is deprecated","File":"\/var\/www\/html\/wordpress\/wp-includes\/formatting.php","Line":2819}

Oct 17 2024 02:10:25
{"Number":8192,"Message":"rtrim(): Passing null to parameter #1 ($string) of type string is deprecated","File":"\/var\/www\/html\/wordpress\/wp-includes\/formatting.php","Line":2819}

Oct 17 2024 02:10:25
{"Number":8192,"Message":"rtrim(): Passing null to parameter #1 ($string) of type string is deprecated","File":"\/var\/www\/html\/wordpress\/wp-includes\/formatting.php","Line":2819}

Oct 17 2024 02:10:25
{"Number":8192,"Message":"rtrim(): Passing null to parameter #1 ($string) of type string is deprecated","File":"\/var\/www\/html\/wordpress\/wp-includes\/formatting.php","Line":2819}

Oct 17 2024 02:10:25
{"Number":8192,"Message":"rtrim(): Passing null to parameter #1 ($string) of type string is deprecated","File":"\/var\/www\/html\/wordpress\/wp-includes\/formatting.php","Line":2819}

Oct 17 2024 02:10:25
{"Number":8192,"Message":"rtrim(): Passing null to parameter #1 ($string) of type string is deprecated","File":"\/var\/www\/html\/wordpress\/wp-includes\/formatting.php","Line":2819}

Oct 17 2024 02:10:25
{"Number":8192,"Message":"rtrim(): Passing null to parameter #1 ($string) of type string is deprecated","File":"\/var\/www\/html\/wordpress\/wp-includes\/formatting.php","Line":2819}

Oct 17 2024 02:10:25
{"Number":8192,"Message":"rtrim(): Passing null to parameter #1 ($string) of type string is deprecated","File":"\/var\/www\/html\/wordpress\/wp-includes\/formatting.php","Line":2819}

Oct 17 2024 02:10:25
{"Number":8192,"Message":"rtrim(): Passing null to parameter #1 ($string) of type string is deprecated","File":"\/var\/www\/html\/wordpress\/wp-includes\/formatting.php","Line":2819}

Oct 17 2024 02:10:25
{"Number":8192,"Message":"rtrim(): Passing null to parameter #1 ($string) of type string is deprecated","File":"\/var\/www\/html\/wordpress\/wp-includes\/formatting.php","Line":2819}

Oct 17 2024 02:10:25
{"Number":8192,"Message":"rtrim(): Passing null to parameter #1 ($string) of type string is deprecated","File":"\/var\/www\/html\/wordpress\/wp-includes\/formatting.php","Line":2819}

Oct 17 2024 02:10:25
{"Number":8192,"Message":"rtrim(): Passing null to parameter #1 ($string) of type string is deprecated","File":"\/var\/www\/html\/wordpress\/wp-includes\/formatting.php","Line":2819}

Oct 17 2024 02:10:25
{"Number":8192,"Message":"rtrim(): Passing null to parameter #1 ($string) of type string is deprecated","File":"\/var\/www\/html\/wordpress\/wp-includes\/formatting.php","Line":2819}

Oct 17 2024 02:10:25
{"Number":8192,"Message":"rtrim(): Passing null to parameter #1 ($string) of type string is deprecated","File":"\/var\/www\/html\/wordpress\/wp-includes\/formatting.php","Line":2819}

Oct 17 2024 02:10:25
{"Number":8192,"Message":"rtrim(): Passing null to parameter #1 ($string) of type string is deprecated","File":"\/var\/www\/html\/wordpress\/wp-includes\/formatting.php","Line":2819}

Oct 17 2024 02:10:25
{"Number":8192,"Message":"rtrim(): Passing null to parameter #1 ($string) of type string is deprecated","File":"\/var\/www\/html\/wordpress\/wp-includes\/formatting.php","Line":2819}

Oct 17 2024 02:10:25
{"Number":8192,"Message":"rtrim(): Passing null to parameter #1 ($string) of type string is deprecated","File":"\/var\/www\/html\/wordpress\/wp-includes\/formatting.php","Line":2819}

Oct 17 2024 02:10:25
{"Number":8192,"Message":"rtrim(): Passing null to parameter #1 ($string) of type string is deprecated","File":"\/var\/www\/html\/wordpress\/wp-includes\/formatting.php","Line":2819}

Oct 17 2024 02:10:25
{"Number":8192,"Message":"rtrim(): Passing null to parameter #1 ($string) of type string is deprecated","File":"\/var\/www\/html\/wordpress\/wp-includes\/formatting.php","Line":2819}

Oct 17 2024 02:10:25
{"Number":8192,"Message":"rtrim(): Passing null to parameter #1 ($string) of type string is deprecated","File":"\/var\/www\/html\/wordpress\/wp-includes\/formatting.php","Line":2819}

Oct 17 2024 02:10:25
{"Number":8192,"Message":"rtrim(): Passing null to parameter #1 ($string) of type string is deprecated","File":"\/var\/www\/html\/wordpress\/wp-includes\/formatting.php","Line":2819}

Oct 17 2024 02:10:25
{"Number":8192,"Message":"rtrim(): Passing null to parameter #1 ($string) of type string is deprecated","File":"\/var\/www\/html\/wordpress\/wp-includes\/formatting.php","Line":2819}

Oct 17 2024 02:10:25
{"Number":8192,"Message":"rtrim(): Passing null to parameter #1 ($string) of type string is deprecated","File":"\/var\/www\/html\/wordpress\/wp-includes\/formatting.php","Line":2819}

Oct 17 2024 02:10:25
{"Number":8192,"Message":"rtrim(): Passing null to parameter #1 ($string) of type string is deprecated","File":"\/var\/www\/html\/wordpress\/wp-includes\/formatting.php","Line":2819}

Oct 17 2024 02:10:25
{"Number":8192,"Message":"rtrim(): Passing null to parameter #1 ($string) of type string is deprecated","File":"\/var\/www\/html\/wordpress\/wp-includes\/formatting.php","Line":2819}

Oct 17 2024 02:10:25
{"Number":8192,"Message":"rtrim(): Passing null to parameter #1 ($string) of type string is deprecated","File":"\/var\/www\/html\/wordpress\/wp-includes\/formatting.php","Line":2819}

Oct 17 2024 02:10:25
{"Number":8192,"Message":"rtrim(): Passing null to parameter #1 ($string) of type string is deprecated","File":"\/var\/www\/html\/wordpress\/wp-includes\/formatting.php","Line":2819}

Oct 17 2024 02:10:25
{"Number":8192,"Message":"rtrim(): Passing null to parameter #1 ($string) of type string is deprecated","File":"\/var\/www\/html\/wordpress\/wp-includes\/formatting.php","Line":2819}

Oct 17 2024 02:10:25
{"Number":8192,"Message":"rtrim(): Passing null to parameter #1 ($string) of type string is deprecated","File":"\/var\/www\/html\/wordpress\/wp-includes\/formatting.php","Line":2819}

Oct 17 2024 02:10:25
{"Number":8192,"Message":"rtrim(): Passing null to parameter #1 ($string) of type string is deprecated","File":"\/var\/www\/html\/wordpress\/wp-includes\/formatting.php","Line":2819}

Oct 17 2024 02:10:42
{"type":8,"message":"iconv(): Detected an illegal character in input string","file":"\/var\/www\/html\/wordpress\/wp-content\/plugins\/depicter\/vendor\/symfony\/polyfill-mbstring\/Mbstring.php","line":427}

Oct 17 2024 02:10:42
{"type":8,"message":"iconv(): Detected an illegal character in input string","file":"\/var\/www\/html\/wordpress\/wp-content\/plugins\/depicter\/vendor\/symfony\/polyfill-mbstring\/Mbstring.php","line":427}

